<?xml version="1.0" encoding="UTF-8"?>
<testsuite xmlns:xsi="http://www.w3.org/2001/XMLSchema-instance" xsi:noNamespaceSchemaLocation="https://maven.apache.org/surefire/maven-surefire-plugin/xsd/surefire-test-report-3.0.xsd" version="3.0" name="TestSuite" time="8.788" tests="4" errors="0" skipped="0" failures="0">
  <properties>
[...]
</properties>
  <testcase name="runScenario[&quot;Validate Successful Submission - Unique Data&quot;, &quot;Optional[WebDriver University - Contact Us Page]&quot;](1)" classname="runners.MainRunner" time="5.19">
    <system-out><![CDATA[
@contact-us @regression
Scenario: Validate Successful Submission - Unique Data                    # features/Contact_Us.feature:7

@contact-us @regression
Scenario: Validate Successful Submission - Specific Data                  # features/Contact_Us.feature:15
  Given I access the webdriver university contact us page                 # stepDefinitions.Contact_Us_Steps.i_access_the_webdriver_university_contact_us_page()
  Given I access the webdriver university contact us page                 # stepDefinitions.Contact_Us_Steps.i_access_the_webdriver_university_contact_us_page()
  When I enter a unique first name                                        # stepDefinitions.Contact_Us_Steps.i_enter_a_unique_first_name()
  When I enter a specific first name Cersei                               # stepDefinitions.Contact_Us_Steps.i_enter_a_specific_first_name_jamie(java.lang.String)
  And I enter a specific last name Lannister                              # stepDefinitions.Contact_Us_Steps.i_enter_a_specific_last_name_sachez(java.lang.String)
  And I enter a unique last name                                          # stepDefinitions.Contact_Us_Steps.i_enter_a_unique_last_name()
  And I enter a unique email address                                      # stepDefinitions.Contact_Us_Steps.i_enter_a_unique_email_address()
  And I enter a specific email address cersei_lannister@mail.com          # stepDefinitions.Contact_Us_Steps.i_enter_a_specific_email_address_jamie_sanchez_mail_com(java.lang.String)
  And I enter a specific comment "Hello world"                            # stepDefinitions.Contact_Us_Steps.i_enter_a_specific_comment(java.lang.String)
  And I enter a unique comment                                            # stepDefinitions.Contact_Us_Steps.i_enter_a_unique_comment()
  And I click on the submit button                                        # stepDefinitions.Contact_Us_Steps.i_click_on_the_submit_button()
  And I click on the submit button                                        # stepDefinitions.Contact_Us_Steps.i_click_on_the_submit_button()
  Then I should be presented with a successful contact us submission page # stepDefinitions.Contact_Us_Steps.i_should_be_presented_with_a_successful_contact_us_submission_page()
]]></system-out>
    <system-err><![CDATA[Parsing System property 'dataproviderthreadcount': java.lang.NumberFormatException: For input string: "@1"
SLF4J: Failed to load class "org.slf4j.impl.StaticLoggerBinder".
SLF4J: Defaulting to no-operation (NOP) logger implementation
SLF4J: See http://www.slf4j.org/codes.html#StaticLoggerBinder for further details.
SSttaarrttiinngg  CChhrroommeeDDrrivievre 1r1 41.104..5703.55.79305 .(9308 6(b3c8069bce089fe48ff24fe20e205e2d5deaddeae112233ff3366ff6266236039069a6eae4499--rreeffss//bbrraanncchh-h-heaeds/a5d73s5@/{5#713055@2}{)# 1on0 5p2or}t) 6 0o1n0 1p
oOrntl y 4l9o8c4a8l co
nOnnecltyio nls ocaarle  aclolonnweecdt.i
oPnlesas aer see e ahtltlpso:w//echdro.med
rPilveera.sceh rsoemei uhmt.otrpgs/:s/e/ccuhrriotmy-ceondsriidveerra.tcihornosm ifourm .sourggg/essteicounrsi toyn- ckoenespidiernatgi oCnhsr ofmoerD suriggveesr tsiaonfse .o
n keeping ChromeDriver safe.
CChhrormoeDmreivDerr iwavse rs twaarst esdt saurctceesd ssfuulclyc.es
sfully.
Jul. 11, 2023 11:30:49 A.M. org.openqa.selenium.remote.ProtocolHandshake createSession
INFO: Detected dialect: W3C
Jul. 11, 2023 11:30:49 A.M. org.openqa.selenium.remote.ProtocolHandshake createSession
INFO: Detected dialect: W3C
Jul. 11, 2023 11:30:49 A.M. org.openqa.selenium.devtools.CdpVersionFinder findNearestMatch
WARNING: Unable to find an exact match for CDP version 114, so returning the closest version found: a no-op implementation
Jul. 11, 2023 11:30:49 A.M. org.openqa.selenium.devtools.CdpVersionFinder findNearestMatch
WARNING: Unable to find an exact match for CDP version 114, so returning the closest version found: a no-op implementation
Jul. 11, 2023 11:30:49 A.M. org.openqa.selenium.devtools.CdpVersionFinder findNearestMatch
INFO: Unable to find CDP implementation matching 114.
Jul. 11, 2023 11:30:49 A.M. org.openqa.selenium.devtools.CdpVersionFinder findNearestMatch
INFO: Unable to find CDP implementation matching 114.
Jul. 11, 2023 11:30:49 A.M. org.openqa.selenium.chromium.ChromiumDriver lambda$new$3
WARNING: Unable to find version of CDP to use for . You may need to include a dependency on a specific version of the CDP using something similar to `org.seleniumhq.selenium:selenium-devtools-v86:4.0.0` where the version ("v86") matches the version of the chromium-based browser you're using and the version number of the artifact is the same as Selenium's.
Jul. 11, 2023 11:30:49 A.M. org.openqa.selenium.chromium.ChromiumDriver lambda$new$3
WARNING: Unable to find version of CDP to use for . You may need to include a dependency on a specific version of the CDP using something similar to `org.seleniumhq.selenium:selenium-devtools-v86:4.0.0` where the version ("v86") matches the version of the chromium-based browser you're using and the version number of the artifact is the same as Selenium's.
]]></system-err>
  </testcase>
  <testcase name="runScenario[&quot;Validate Successful Submission - Specific Data&quot;, &quot;Optional[WebDriver University - Contact Us Page]&quot;](2)" classname="runners.MainRunner" time="0.268">
    <system-out><![CDATA[
@login @regression
Scenario: Validate Successful Login                            # features/Login.feature:7
  Then I should be presented with a successful contact us submission page # stepDefinitions.Contact_Us_Steps.i_should_be_presented_with_a_successful_contact_us_submission_page()
]]></system-out>
    <system-err><![CDATA[Starting ChromeDriver 114.0.5735.90 (386bc09e8f4f2e025eddae123f36f6263096ae49-refs/branch-heads/5735@{#1052}) on port 52824
Only local connections are allowed.
Please see https://chromedriver.chromium.org/security-considerations for suggestions on keeping ChromeDriver safe.
ChromeDriver was started successfully.
]]></system-err>
  </testcase>
  <testcase name="runScenario[&quot;Validate Successful Login&quot;, &quot;Optional[WebDriver University - Login Page]&quot;](3)" classname="runners.MainRunner" time="2.208">
    <system-out><![CDATA[
@login @regression
Scenario: Validate Unsuccessful Login                            # features/Login.feature:13
  Given I access the webdriver university login page           # stepDefinitions.Login_Steps.i_access_the_webdriver_university_login_page()
  When I enter a username webdriver                            # stepDefinitions.Login_Steps.i_enter_a_username(java.lang.String)
  And I enter a password webdriver123                          # stepDefinitions.Login_Steps.i_enter_a_password(java.lang.String)
  And I click on the login button                              # stepDefinitions.Login_Steps.i_click_on_the_login_button()
  Then I should be presented with the successful login message # stepDefinitions.Login_Steps.i_should_be_presented_with_the_successful_login_message()
  Given I access the webdriver university login page             # stepDefinitions.Login_Steps.i_access_the_webdriver_university_login_page()
]]></system-out>
    <system-err><![CDATA[Starting ChromeDriver 114.0.5735.90 (386bc09e8f4f2e025eddae123f36f6263096ae49-refs/branch-heads/5735@{#1052}) on port 64186
Only local connections are allowed.
Please see https://chromedriver.chromium.org/security-considerations for suggestions on keeping ChromeDriver safe.
ChromeDriver was started successfully.
Jul. 11, 2023 11:30:52 A.M. org.openqa.selenium.remote.ProtocolHandshake createSession
INFO: Detected dialect: W3C
Jul. 11, 2023 11:30:52 A.M. org.openqa.selenium.devtools.CdpVersionFinder findNearestMatch
WARNING: Unable to find an exact match for CDP version 114, so returning the closest version found: a no-op implementation
Jul. 11, 2023 11:30:52 A.M. org.openqa.selenium.devtools.CdpVersionFinder findNearestMatch
INFO: Unable to find CDP implementation matching 114.
Jul. 11, 2023 11:30:52 A.M. org.openqa.selenium.chromium.ChromiumDriver lambda$new$3
WARNING: Unable to find version of CDP to use for . You may need to include a dependency on a specific version of the CDP using something similar to `org.seleniumhq.selenium:selenium-devtools-v86:4.0.0` where the version ("v86") matches the version of the chromium-based browser you're using and the version number of the artifact is the same as Selenium's.
Jul. 11, 2023 11:30:53 A.M. org.openqa.selenium.remote.ProtocolHandshake createSession
INFO: Detected dialect: W3C
Jul. 11, 2023 11:30:53 A.M. org.openqa.selenium.devtools.CdpVersionFinder findNearestMatch
WARNING: Unable to find an exact match for CDP version 114, so returning the closest version found: a no-op implementation
Jul. 11, 2023 11:30:53 A.M. org.openqa.selenium.devtools.CdpVersionFinder findNearestMatch
INFO: Unable to find CDP implementation matching 114.
Jul. 11, 2023 11:30:53 A.M. org.openqa.selenium.chromium.ChromiumDriver lambda$new$3
WARNING: Unable to find version of CDP to use for . You may need to include a dependency on a specific version of the CDP using something similar to `org.seleniumhq.selenium:selenium-devtools-v86:4.0.0` where the version ("v86") matches the version of the chromium-based browser you're using and the version number of the artifact is the same as Selenium's.
]]></system-err>
  </testcase>
  <testcase name="runScenario[&quot;Validate Unsuccessful Login&quot;, &quot;Optional[WebDriver University - Login Page]&quot;](4)" classname="runners.MainRunner" time="2.487">
    <system-out><![CDATA[  When I enter a username webdriver                              # stepDefinitions.Login_Steps.i_enter_a_username(java.lang.String)
  And I enter a password password123                             # stepDefinitions.Login_Steps.i_enter_a_password(java.lang.String)
  And I click on the login button                                # stepDefinitions.Login_Steps.i_click_on_the_login_button()
  Then I should be presented with the unsuccessful login message # stepDefinitions.Login_Steps.i_should_be_presented_with_the_unsuccessful_login_message()
]]></system-out>
  </testcase>
</testsuite>